[
  {
    "level": "INFO",
    "message": "android.ndkVersion from module build.gradle is [not set]",
    "diagnosticCode": "UNKNOWN"
  },
  {
    "level": "INFO",
    "message": "android.ndkPath from module build.gradle is not set",
    "diagnosticCode": "UNKNOWN"
  },
  {
    "level": "INFO",
    "message": "ndk.dir in local.properties is /Users/simbadmarino/Library/Android/sdk/ndk/21.4.7075529",
    "diagnosticCode": "UNKNOWN"
  },
  {
    "level": "INFO",
    "message": "Not considering ANDROID_NDK_HOME because support was removed after deprecation period.",
    "diagnosticCode": "UNKNOWN"
  },
  {
    "level": "INFO",
    "message": "sdkFolder is /Users/simbadmarino/Library/Android/sdk",
    "diagnosticCode": "UNKNOWN"
  },
  {
    "level": "INFO",
    "message": "Because no explicit NDK was requested, the default version [21.4.7075529] for this Android Gradle Plugin will be used",
    "diagnosticCode": "UNKNOWN"
  },
  {
    "level": "INFO",
    "message": "Checking whether deleting ndk.dir and setting android.ndkVersion to [21.4.7075529] would result in the same NDK",
    "diagnosticCode": "UNKNOWN"
  },
  {
    "level": "INFO",
    "message": "android.ndkVersion from module build.gradle is [21.4.7075529]",
    "tag": "ndk.dir delete check",
    "diagnosticCode": "UNKNOWN"
  },
  {
    "level": "INFO",
    "message": "android.ndkPath from module build.gradle is not set",
    "tag": "ndk.dir delete check",
    "diagnosticCode": "UNKNOWN"
  },
  {
    "level": "INFO",
    "message": "ndk.dir in local.properties is not set",
    "tag": "ndk.dir delete check",
    "diagnosticCode": "UNKNOWN"
  },
  {
    "level": "INFO",
    "message": "Not considering ANDROID_NDK_HOME because support was removed after deprecation period.",
    "tag": "ndk.dir delete check",
    "diagnosticCode": "UNKNOWN"
  },
  {
    "level": "INFO",
    "message": "sdkFolder is /Users/simbadmarino/Library/Android/sdk",
    "tag": "ndk.dir delete check",
    "diagnosticCode": "UNKNOWN"
  },
  {
    "level": "INFO",
    "message": "Deleting ndk.dir and setting android.ndkVersion to [21.4.7075529] would result in the same NDK.",
    "tag": "ndk.dir delete check",
    "diagnosticCode": "UNKNOWN"
  },
  {
    "level": "WARN",
    "message": "NDK was located by using ndk.dir property. This method is deprecated and will be removed in a future release. Please delete ndk.dir from local.properties and set android.ndkVersion to [21.4.7075529] in all native modules in the project. https://developer.android.com/r/studio-ui/ndk-dir",
    "diagnosticCode": "UNKNOWN"
  }
]